autoscan: warning: missing AC_CHECK_FUNCS([alarm]) wanted by: 
	misc/uuidd.c:252
	misc/uuidd.c:273
	misc/uuidd.c:338
	misc/uuidd.c:340
	misc/badblocks.c:219
	misc/badblocks.c:535
	misc/badblocks.c:628
	misc/badblocks.c:675
	misc/badblocks.c:907
autoscan: warning: missing AC_CHECK_FUNCS([dup2]) wanted by: 
	misc/logsave.c:189
	misc/logsave.c:190
	lib/fpopen.c:102
	lib/fpopen.c:105
	lib/fpopen.c:107
	lib/ss/help.c:114
	lib/ss/pager.c:88
autoscan: warning: missing AC_CHECK_FUNCS([ftruncate]) wanted by: 
	misc/uuidd.c:330
	tests/progs/random_exercise.c:110
	resize/main.c:492
	lib/ext2fs/tdb.c:1022
	lib/ext2fs/tdb.c:2235
	lib/ext2fs/tdb.c:3752
	lib/ext2fs/tdb.c:3890
autoscan: warning: missing AC_CHECK_FUNCS([gethostname]) wanted by: 
	misc/e2image.c:130
autoscan: warning: missing AC_CHECK_FUNCS([getmntent]) wanted by: 
	lib/ext2fs/ismounted.c:67
autoscan: warning: missing AC_CHECK_FUNCS([gettimeofday]) wanted by: 
	misc/badblocks.c:200
	misc/badblocks.c:346
	misc/badblocks.c:349
	misc/badblocks.c:1154
	e2fsck/unix.c:448
	e2fsck/scantest.c:60
	e2fsck/scantest.c:78
	e2fsck/util.c:281
	e2fsck/util.c:332
autoscan: warning: missing AC_CHECK_FUNCS([hasmntopt]) wanted by: 
	lib/ext2fs/ismounted.c:136
autoscan: warning: missing AC_CHECK_FUNCS([memmove]) wanted by: 
	util/subst.c:114
	util/subst.c:116
	util/subst.c:140
	lib/ext2fs/extent.c:1097
	lib/ext2fs/extent.c:1484
	lib/ext2fs/icount.c:323
	e2fsck/ea_refcount.c:138
	e2fsck/pass2.c:653
autoscan: warning: missing AC_CHECK_FUNCS([memset]) wanted by: 
	misc/e2image.c:72
	misc/e2image.c:97
	misc/e2image.c:388
	misc/e2image.c:394
	misc/e2image.c:423
	misc/e2initrd_helper.c:100
	misc/e2initrd_helper.c:292
	misc/mke2fs.c:315
	misc/mke2fs.c:324
	misc/mke2fs.c:362
	misc/mke2fs.c:533
	misc/mke2fs.c:559
	misc/mke2fs.c:609
	misc/mke2fs.c:1245
	misc/mke2fs.c:2199
	misc/mke2fs.c:2209
	misc/logsave.c:174
	misc/uuidd.c:94
	misc/e2label.c:93
	misc/tune2fs.c:299
	misc/tune2fs.c:608
	misc/tune2fs.c:1344
	misc/tune2fs.c:1763
	misc/tune2fs.c:1769
	misc/mklost+found.c:58
	misc/filefrag.c:184
	misc/badblocks.c:210
	misc/fsck.c:445
	misc/fsck.c:764
	misc/fsck.c:765
	misc/fsck.c:1101
	debugfs/logdump.c:209
	debugfs/icheck.c:79
	debugfs/ncheck.c:76
	debugfs/debugfs.c:261
	debugfs/debugfs.c:945
	debugfs/debugfs.c:1605
	debugfs/debugfs.c:1696
	debugfs/ls.c:97
	debugfs/util.c:221
	tests/progs/random_exercise.c:146
	tests/progs/test_icount.c:310
	resize/sim_progress.c:88
	resize/extent.c:45
	resize/extent.c:58
	resize/resize2fs.c:97
	resize/resize2fs.c:403
	resize/resize2fs.c:494
	resize/resize2fs.c:628
	resize/resize2fs.c:1741
	util/subst.c:215
	ext2ed/general_com.c:350
	ext2ed/init.c:195
	lib/ext2fs/initialize.c:118
	lib/ext2fs/initialize.c:143
	lib/ext2fs/initialize.c:381
	lib/ext2fs/rw_bitmaps.c:59
	lib/ext2fs/rw_bitmaps.c:68
	lib/ext2fs/rw_bitmaps.c:258
	lib/ext2fs/rw_bitmaps.c:280
	lib/ext2fs/mkdir.c:77
	lib/ext2fs/mkdir.c:82
	lib/ext2fs/bb_inode.c:75
	lib/ext2fs/bb_inode.c:79
	lib/ext2fs/irel_ma.c:79
	lib/ext2fs/irel_ma.c:89
	lib/ext2fs/irel_ma.c:97
	lib/ext2fs/irel_ma.c:105
	lib/ext2fs/irel_ma.c:113
	lib/ext2fs/irel_ma.c:259
	lib/ext2fs/openfs.c:103
	lib/ext2fs/dblist.c:73
	lib/ext2fs/dblist.c:95
	lib/ext2fs/expanddir.c:63
	lib/ext2fs/unix_io.c:209
	lib/ext2fs/unix_io.c:441
	lib/ext2fs/unix_io.c:459
	lib/ext2fs/gen_bitmap.c:118
	lib/ext2fs/gen_bitmap.c:205
	lib/ext2fs/gen_bitmap.c:259
	lib/ext2fs/tst_bitops.c:75
	lib/ext2fs/tst_bitops.c:128
	lib/ext2fs/closefs.c:251
	lib/ext2fs/undo_io.c:263
	lib/ext2fs/undo_io.c:353
	lib/ext2fs/undo_io.c:371
	lib/ext2fs/fileio.c:54
	lib/ext2fs/fileio.c:184
	lib/ext2fs/csum.c:187
	lib/ext2fs/csum.c:240
	lib/ext2fs/res_gdt.c:105
	lib/ext2fs/res_gdt.c:143
	lib/ext2fs/ind_block.c:33
	lib/ext2fs/newdir.c:42
	lib/ext2fs/inode.c:84
	lib/ext2fs/inode.c:137
	lib/ext2fs/inode.c:364
	lib/ext2fs/inode.c:479
	lib/ext2fs/inode.c:492
	lib/ext2fs/inode.c:676
	lib/ext2fs/inode.c:774
	lib/ext2fs/test_io.c:191
	lib/ext2fs/test_io.c:210
	lib/ext2fs/brel_ma.c:63
	lib/ext2fs/brel_ma.c:73
	lib/ext2fs/brel_ma.c:82
	lib/ext2fs/inode_io.c:139
	lib/ext2fs/dosio.c:155
	lib/ext2fs/tst_iscan.c:73
	lib/ext2fs/tst_badblocks.c:225
	lib/ext2fs/tst_badblocks.c:228
	lib/ext2fs/extent.c:204
	lib/ext2fs/extent.c:252
	lib/ext2fs/extent.c:444
	lib/ext2fs/extent.c:582
	lib/ext2fs/extent.c:901
	lib/ext2fs/extent.c:1201
	lib/ext2fs/extent.c:1528
	lib/ext2fs/alloc.c:200
	lib/ext2fs/mkjournal.c:57
	lib/ext2fs/mkjournal.c:118
	lib/ext2fs/mkjournal.c:168
	lib/ext2fs/mkjournal.c:255
	lib/ext2fs/mkjournal.c:539
	lib/ext2fs/tdb.c:1034
	lib/ext2fs/tdb.c:1106
	lib/ext2fs/tdb.c:1475
	lib/ext2fs/tdb.c:1502
	lib/ext2fs/tdb.c:1899
	lib/ext2fs/tdb.c:2430
	lib/ext2fs/tdb.c:2573
	lib/ext2fs/tdb.c:4045
	lib/ext2fs/badblocks.c:41
	lib/ext2fs/badblocks.c:53
	lib/ext2fs/icount.c:104
	lib/ext2fs/icount.c:253
	lib/ext2fs/icount.c:746
	lib/ext2fs/imager.c:199
	lib/ext2fs/imager.c:333
	lib/e2p/iod.c:53
	lib/e2p/ls.c:189
	lib/e2p/ls.c:195
	lib/e2p/ls.c:352
	lib/e2p/ls.c:366
	e2fsck/unix.c:669
	e2fsck/unix.c:670
	e2fsck/unix.c:877
	e2fsck/unix.c:1466
	e2fsck/profile.c:310
	e2fsck/profile.c:408
	e2fsck/profile.c:467
	e2fsck/profile.c:567
	e2fsck/profile.c:1087
	e2fsck/problem.c:1724
	e2fsck/recovery.c:232
	e2fsck/recovery.c:289
	e2fsck/region.c:41
	e2fsck/region.c:55
	e2fsck/dirinfo.c:321
	e2fsck/emptydir.c:50
	e2fsck/emptydir.c:84
	e2fsck/rehash.c:104
	e2fsck/rehash.c:266
	e2fsck/rehash.c:500
	e2fsck/rehash.c:533
	e2fsck/ea_refcount.c:57
	e2fsck/ea_refcount.c:70
	e2fsck/pass2.c:654
	e2fsck/pass2.c:786
	e2fsck/extend.c:53
	e2fsck/pass5.c:291
	e2fsck/pass5.c:495
	e2fsck/pass5.c:496
	e2fsck/pass3.c:211
	e2fsck/pass3.c:456
	e2fsck/pass3.c:731
	e2fsck/e2fsck.c:30
	e2fsck/util.c:76
	e2fsck/util.c:284
	e2fsck/util.c:584
	e2fsck/pass1.c:881
	e2fsck/pass1.c:2505
	e2fsck/journal.c:288
	e2fsck/journal.c:490
	e2fsck/journal.c:612
	e2fsck/journal.c:759
	e2fsck/super.c:132
	e2fsck/super.c:358
	e2fsck/super.c:380
autoscan: warning: missing AC_CHECK_FUNCS([mkdir]) wanted by: 
	misc/mklost+found.c:52
	debugfs/dump.c:273
	tests/progs/random_exercise.c:81
autoscan: warning: missing AC_CHECK_FUNCS([nl_langinfo]) wanted by: 
	intl/localcharset.c:280
autoscan: warning: missing AC_CHECK_FUNCS([rmdir]) wanted by: 
	tests/progs/random_exercise.c:124
autoscan: warning: missing AC_CHECK_FUNCS([select]) wanted by: 
	lib/ext2fs/tdb.c:395
autoscan: warning: missing AC_CHECK_FUNCS([socket]) wanted by: 
	misc/uuidd.c:158
	misc/uuidd.c:275
autoscan: warning: missing AC_CHECK_FUNCS([strchr]) wanted by: 
	misc/e2initrd_helper.c:237
	misc/e2initrd_helper.c:265
	misc/mke2fs.c:705
	misc/mke2fs.c:711
	misc/mke2fs.c:1057
	misc/logsave.c:131
	misc/logsave.c:138
	misc/tune2fs.c:583
	misc/tune2fs.c:868
	misc/tune2fs.c:915
	misc/tune2fs.c:921
	misc/base_device.c:158
	misc/base_device.c:161
	misc/dumpe2fs.c:426
	misc/dumpe2fs.c:432
	misc/util.c:75
	misc/util.c:192
	misc/util.c:198
	misc/fsck.c:304
	misc/fsck.c:712
	misc/fsck.c:1117
	misc/fsck.c:1124
	intl/l10nflist.c:140
	intl/loadmsgcat.c:858
	intl/relocatable.c:82
	intl/relocatable.c:82
	intl/printf.c:82
	intl/printf.c:136
	intl/printf.c:179
	intl/explodename.c:81
	intl/localealias.c:348
	intl/dcigettext.c:212
	intl/dcigettext.c:212
	intl/dcigettext.c:558
	intl/dcigettext.c:1053
	intl/localcharset.c:339
	intl/localcharset.c:347
	debugfs/set_fields.c:221
	debugfs/debugfs.c:2123
	debugfs/debugfs.c:2126
	tests/progs/test_rel.c:694
	tests/progs/test_rel.c:697
	tests/progs/test_icount.c:278
	tests/progs/test_icount.c:281
	resize/test_extent.c:43
	resize/test_extent.c:53
	resize/test_extent.c:59
	resize/main.c:231
	util/subst.c:133
	util/subst.c:144
	util/subst.c:178
	util/subst.c:186
	util/subst.c:221
	util/subst.c:224
	ext2ed/general_com.c:382
	ext2ed/dir_com.c:234
	ext2ed/dir_com.c:606
	ext2ed/init.c:126
	ext2ed/init.c:134
	ext2ed/init.c:135
	ext2ed/init.c:137
	ext2ed/init.c:139
	lib/fpopen.c:82
	lib/blkid/probe.c:187
	lib/blkid/probe.c:189
	lib/blkid/probe.c:191
	lib/blkid/probe.c:227
	lib/blkid/read.c:192
	lib/blkid/read.c:247
	lib/blkid/read.c:255
	lib/blkid/tag.c:230
	lib/blkid/resolve.c:82
	lib/ext2fs/openfs.c:113
	lib/ext2fs/io_manager.c:42
	lib/ext2fs/io_manager.c:46
	lib/ext2fs/ismounted.c:266
	lib/ext2fs/ismounted.c:268
	lib/ext2fs/tdbtool.c:387
	lib/ext2fs/tdbtool.c:546
	lib/ext2fs/tdbtool.c:549
	lib/ext2fs/tdbtool.c:588
	lib/ss/listen.c:93
	lib/ss/listen.c:108
	lib/ss/listen.c:111
	lib/ss/test_ss.c:66
	lib/ss/test_ss.c:69
	lib/ss/get_readline.c:64
	e2fsck/unix.c:571
	e2fsck/unix.c:577
	e2fsck/unix.c:835
	e2fsck/profile.c:417
	e2fsck/profile.c:715
	e2fsck/profile.c:768
	e2fsck/profile.c:813
	e2fsck/profile.c:825
	e2fsck/profile.c:844
	e2fsck/profile.c:844
	e2fsck/profile.c:844
	e2fsck/profile.c:845
	e2fsck/profile.c:845
	e2fsck/profile.c:845
	e2fsck/profile_helpers.c:282
	e2fsck/util.c:175
	e2fsck/util.c:179
	e2fsck/util.c:629
	e2fsck/util.c:631
	e2fsck/util.c:633
	e2fsck/util.c:666
autoscan: warning: missing AC_CHECK_FUNCS([strcspn]) wanted by: 
	intl/loadmsgcat.c:811
autoscan: warning: missing AC_CHECK_FUNCS([strerror]) wanted by: 
	misc/partinfo.c:50
	misc/partinfo.c:56
	misc/partinfo.c:64
	misc/uuidd.c:246
	misc/uuidd.c:263
	misc/uuidd.c:278
	misc/uuidd.c:307
	misc/uuidd.c:316
	misc/uuidd.c:529
	misc/uuidd.c:556
	misc/uuidd.c:580
	misc/e2undo.c:216
	misc/fsck.c:344
	misc/fsck.c:1131
	lib/et/error_message.c:117
	lib/blkid/probe.c:1517
	lib/blkid/probe.c:1545
	lib/blkid/devname.c:285
	lib/ext2fs/tdbtool.c:193
	lib/ext2fs/tdbtool.c:202
	lib/ext2fs/tdb.c:482
	lib/ext2fs/tdb.c:648
	lib/ext2fs/tdb.c:685
	lib/ext2fs/tdb.c:896
	lib/ext2fs/tdb.c:929
	lib/ext2fs/tdb.c:1001
	lib/ext2fs/tdb.c:1026
	lib/ext2fs/tdb.c:1040
	lib/ext2fs/tdb.c:1148
	lib/ext2fs/tdb.c:1759
	lib/ext2fs/tdb.c:2926
	lib/ext2fs/tdb.c:3875
	lib/ext2fs/tdb.c:3882
	lib/ext2fs/tdb.c:3893
	lib/ext2fs/tdb.c:3950
	lib/ext2fs/tdb.c:4084
	lib/ext2fs/tdb.c:4091
	lib/ext2fs/tdb.c:4100
	e2fsck/unix.c:523
autoscan: warning: missing AC_CHECK_FUNCS([strncasecmp]) wanted by: 
	lib/e2p/mntopts.c:68
	lib/e2p/feature.c:135
	lib/e2p/feature.c:209
	lib/e2p/hashstr.c:59
autoscan: warning: missing AC_CHECK_FUNCS([strrchr]) wanted by: 
	misc/mke2fs.c:994
	misc/util.c:58
	debugfs/dump.c:344
	debugfs/debugfs.c:1283
	debugfs/debugfs.c:1299
	debugfs/debugfs.c:1390
	debugfs/debugfs.c:1723
	util/libecho.c:49
	util/libecho.c:54
	lib/blkid/probe.c:231
	lib/blkid/read.c:211
	lib/blkid/tag.c:240
	lib/ext2fs/dosio.c:195
	e2fsck/util.c:670
autoscan: warning: missing AC_CHECK_FUNCS([strstr]) wanted by: 
	intl/loadmsgcat.c:803
	intl/plural-exp.c:107
	intl/plural-exp.c:108
autoscan: warning: missing AC_CHECK_FUNCS([strtol]) wanted by: 
	misc/mke2fs.c:150
	misc/mke2fs.c:154
	misc/mke2fs.c:158
	misc/mke2fs.c:1271
	misc/chattr.c:150
	misc/uuidd.c:470
	misc/uuidd.c:491
	misc/blkid.c:113
	misc/tune2fs.c:644
	misc/fsck.c:144
	misc/findsuper.c:150
	debugfs/set_fields.c:234
	debugfs/set_fields.c:309
	debugfs/ncheck.c:79
	debugfs/debugfs.c:1430
	debugfs/debugfs.c:1439
	debugfs/debugfs.c:1482
	debugfs/debugfs.c:1491
	debugfs/lsdel.c:94
	ext2ed/general_com.c:281
	ext2ed/general_com.c:456
	ext2ed/file_com.c:466
	lib/blkid/probe.c:263
	lib/blkid/probe.c:267
	lib/blkid/probe.c:271
	lib/blkid/read.c:321
	lib/ext2fs/tdbtool.c:553
	lib/e2p/mntopts.c:73
	lib/e2p/feature.c:156
	lib/e2p/feature.c:230
	lib/e2p/hashstr.c:64
	e2fsck/unix.c:800
	e2fsck/profile.c:1541
autoscan: warning: missing AC_CHECK_FUNCS([uname]) wanted by: 
	misc/mke2fs.c:1249
	lib/blkid/probe.c:214
	lib/blkid/probe.c:259
	lib/blkid/getsize.c:106
	lib/ext2fs/unix_io.c:529
	lib/ext2fs/getsize.c:179
	e2fsck/util.c:656
autoscan: warning: missing AC_CHECK_HEADERS([fcntl.h]) wanted by: 
	misc/e2image.c:16
	misc/e2image.c:32
	misc/e2initrd_helper.c:25
	misc/mke2fs.c:24
	misc/chattr.c:25
	misc/logsave.c:21
	misc/partinfo.c:11
	misc/ismounted.c:22
	misc/uuidd.c:25
	misc/e2label.c:16
	misc/tune2fs.c:30
	misc/lsattr.c:27
	misc/mklost+found.c:17
	misc/filefrag.c:29
	misc/dumpe2fs.c:29
	misc/e2undo.c:18
	misc/badblocks.c:39
	misc/findsuper.c:91
	contrib/make-sparse.c:20
	intl/loadmsgcat.c:32
	debugfs/logdump.c:23
	debugfs/dump.c:21
	debugfs/set_fields.c:35
	debugfs/debugfs.c:26
	tests/progs/random_exercise.c:20
	tests/progs/test_rel.c:19
	tests/progs/test_icount.c:19
	tests/progs/hold_inode.c:18
	resize/main.c:30
	resize/online.c:17
	util/copy_sparse.c:29
	ext2ed/init.c:28
	lib/et/error_message.c:37
	lib/blkid/probe.c:20
	lib/blkid/read.c:21
	lib/blkid/getsize.c:25
	lib/blkid/resolve.c:18
	lib/ext2fs/initialize.c:18
	lib/ext2fs/rw_bitmaps.c:17
	lib/ext2fs/mkdir.c:17
	lib/ext2fs/bb_inode.c:21
	lib/ext2fs/irel_ma.c:12
	lib/ext2fs/openfs.c:17
	lib/ext2fs/unix_io.c:30
	lib/ext2fs/tst_getsize.c:17
	lib/ext2fs/gen_bitmap.c:18
	lib/ext2fs/tst_bitops.c:17
	lib/ext2fs/bb_compat.c:17
	lib/ext2fs/undo_io.c:25
	lib/ext2fs/io_manager.c:10
	lib/ext2fs/getsize.c:25
	lib/ext2fs/alloc_sb.c:18
	lib/ext2fs/ismounted.c:19
	lib/ext2fs/test_io.c:17
	lib/ext2fs/alloc_tables.c:18
	lib/ext2fs/brel_ma.c:15
	lib/ext2fs/read_bb_file.c:17
	lib/ext2fs/tst_iscan.c:17
	lib/ext2fs/bitmaps.c:18
	lib/ext2fs/tst_badblocks.c:17
	lib/ext2fs/tst_byteswap.c:17
	lib/ext2fs/check_desc.c:17
	lib/ext2fs/read_bb.c:17
	lib/ext2fs/tdbtool.c:27
	lib/ext2fs/tdbtool.c:30
	lib/ext2fs/mkjournal.c:20
	lib/ext2fs/tdb.c:59
	lib/ext2fs/badblocks.c:17
	lib/ext2fs/getsectsize.c:23
	lib/ext2fs/icount.c:18
	lib/ext2fs/tst_getsectsize.c:17
	lib/ext2fs/imager.c:24
	lib/ext2fs/inline.c:20
	lib/e2p/fgetversion.c:28
	lib/e2p/fsetversion.c:28
	lib/e2p/fgetflags.c:31
	lib/e2p/fsetflags.c:31
	lib/ss/help.c:25
	e2fsck/unix.c:19
	e2fsck/dirinfo.c:12
	e2fsck/extend.c:16
	e2fsck/flushb.c:20
	e2fsck/iscan.c:7
	e2fsck/scantest.c:6
autoscan: warning: missing AC_CHECK_HEADERS([float.h]) wanted by: 
	intl/vasnprintf.c:45
autoscan: warning: missing AC_CHECK_HEADERS([langinfo.h]) wanted by: 
	intl/loadmsgcat.c:67
	intl/localcharset.c:55
autoscan: warning: missing AC_CHECK_HEADERS([libintl.h]) wanted by: 
	misc/nls-enable.h:2
	intl/dgettext.c:28
	intl/dcngettext.c:25
	intl/relocatable.c:60
	intl/bindtextdom.c:28
	intl/textdomain.c:27
	intl/ngettext.c:32
	intl/gettext.c:32
	intl/finddomain.c:35
	intl/dcigettext.c:93
	intl/dcgettext.c:25
	intl/dngettext.c:28
	resize/resize2fs.h:42
	e2fsck/e2fsck.h:43
autoscan: warning: missing AC_CHECK_HEADERS([stdio_ext.h]) wanted by: 
	intl/localealias.c:33
autoscan: warning: missing AC_CHECK_HEADERS([sys/vfs.h]) wanted by: 
	misc/filefrag.c:39
	util/copy_sparse.c:39
autoscan: warning: missing AC_CHECK_HEADERS([wchar.h]) wanted by: 
	intl/printf.c:248
	intl/printf-args.h:32
autoscan: warning: missing AC_CHECK_HEADER_STDBOOL wanted by: 
	misc/e2image.c:203
	misc/e2image.c:205
	intl/relocatable.c:223
	intl/relocatable.c:371
	lib/ext2fs/tdb.c:106
	lib/ext2fs/tdb.c:249
	lib/ext2fs/tdb.c:407
	lib/ext2fs/tdb.c:502
	lib/ext2fs/tdb.c:621
	lib/ext2fs/tdb.c:664
	e2fsck/problem.c:1732
	e2fsck/problem.c:1734
	e2fsck/problem.c:1735
	e2fsck/problem.c:1735
	e2fsck/problem.c:1736
	e2fsck/e2fsck.h:444
	e2fsck/pass1.c:2728
	e2fsck/pass1.c:2732
	intl/relocatable.c:223
	intl/relocatable.c:234
	intl/relocatable.c:375
autoscan: warning: missing AC_CHECK_MEMBERS([struct stat.st_blksize]) wanted by: 
	misc/mklost+found.c:74
autoscan: warning: missing AC_CHECK_MEMBERS([struct stat.st_rdev]) wanted by: 
	misc/e2image.c:136
	misc/ismounted.c:94
	misc/ismounted.c:122
	misc/util.c:132
	misc/util.c:133
	misc/util.c:134
	misc/util.c:135
	lib/blkid/probe.c:1616
	lib/blkid/probe.c:1624
	lib/blkid/devname.c:233
	lib/blkid/devno.c:118
	lib/blkid/getsize.c:146
	lib/ext2fs/ismounted.c:60
	lib/ext2fs/ismounted.c:75
	lib/ext2fs/ismounted.c:250
	lib/ext2fs/ismounted.c:277
	lib/ext2fs/mkjournal.c:443
	lib/ext2fs/finddev.c:102
	e2fsck/journal.c:1051
	e2fsck/journal.c:1053
	e2fsck/journal.c:1055
autoscan: warning: missing AC_CHECK_TYPES([ptrdiff_t]) wanted by: 
	intl/printf-parse.c:367
	intl/printf-parse.c:372
	e2fsck/mtrace.h:195
	e2fsck/mtrace.h:198
autoscan: warning: missing AC_FUNC_CHOWN wanted by: 
	debugfs/dump.c:81
	debugfs/dump.c:86
autoscan: warning: missing AC_FUNC_ERROR_AT_LINE wanted by: 
	lib/ext2fs/undo_io.c:331
autoscan: warning: missing AC_FUNC_FORK wanted by: 
	misc/logsave.c:183
	misc/logsave.c:309
	misc/uuidd.c:66
	misc/fsck.c:493
	misc/fsck.c:643
	lib/fpopen.c:96
	lib/ss/help.c:109
	lib/ss/pager.c:81
autoscan: warning: missing AC_FUNC_GETMNTENT wanted by: 
	lib/ext2fs/ismounted.c:67
autoscan: warning: missing AC_FUNC_LSTAT_FOLLOWS_SLASHED_SYMLINK wanted by: 
	lib/blkid/devno.c:125
	lib/e2p/fgetflags.c:70
	lib/e2p/fsetflags.c:76
autoscan: warning: missing AC_FUNC_MALLOC wanted by: 
	misc/e2image.c:62
	misc/e2image.c:413
	misc/e2image.c:418
	misc/e2image.c:493
	misc/e2initrd_helper.c:97
	misc/e2initrd_helper.c:132
	misc/e2initrd_helper.c:159
	misc/mke2fs.c:511
	misc/mke2fs.c:697
	misc/mke2fs.c:898
	misc/mke2fs.c:916
	misc/mke2fs.c:1043
	misc/mke2fs.c:1206
	misc/mke2fs.c:1359
	misc/mke2fs.c:1977
	misc/chattr.c:279
	misc/tune2fs.c:907
	misc/tune2fs.c:1557
	misc/lsattr.c:134
	misc/base_device.c:47
	misc/dumpe2fs.c:160
	misc/dumpe2fs.c:162
	misc/dumpe2fs.c:418
	misc/util.c:184
	misc/badblocks.c:130
	misc/badblocks.c:722
	misc/fsck.c:133
	misc/fsck.c:249
	misc/fsck.c:442
	misc/fsck.c:757
	misc/fsck.c:758
	misc/fsck.c:1282
	intl/plural.c:95
	intl/printf-parse.c:74
	intl/printf-parse.c:100
	intl/l10nflist.c:192
	intl/l10nflist.c:301
	intl/l10nflist.c:386
	intl/loadmsgcat.c:980
	intl/loadmsgcat.c:1021
	intl/loadmsgcat.c:1188
	intl/bindtextdom.c:155
	intl/bindtextdom.c:193
	intl/bindtextdom.c:225
	intl/bindtextdom.c:252
	intl/bindtextdom.c:283
	intl/textdomain.c:113
	intl/log.c:75
	intl/finddomain.c:126
	intl/dcigettext.c:339
	intl/dcigettext.c:652
	intl/dcigettext.c:975
	intl/localcharset.c:128
	intl/localcharset.c:176
	intl/os2compat.c:60
	intl/os2compat.c:74
	intl/os2compat.c:88
	intl/vasnprintf.c:161
	intl/vasnprintf.c:197
	intl/vasnprintf.c:494
	intl/plural.y:74
	debugfs/dump.c:195
	debugfs/dump.c:249
	debugfs/set_fields.c:216
	debugfs/icheck.c:73
	debugfs/icheck.c:81
	debugfs/ncheck.c:70
	debugfs/debugfs.c:834
	debugfs/htree.c:167
	debugfs/htree.c:251
	debugfs/htree.c:372
	debugfs/lsdel.c:104
	debugfs/lsdel.c:111
	resize/main.c:241
	resize/resize2fs.c:1357
	util/subst.c:41
	util/subst.c:44
	util/subst.c:47
	util/subst.c:350
	util/copy_sparse.c:141
	ext2ed/disk.c:158
	ext2ed/main.c:112
	ext2ed/main.c:525
	ext2ed/init.c:190
	ext2ed/init.c:362
	ext2ed/init.c:366
	lib/fpopen.c:69
	lib/et/error_message.c:246
	lib/et/init_et.c:41
	lib/et/com_right.c:98
	lib/et/test_cases/heimdal2.c:110
	lib/et/test_cases/heimdal.c:124
	lib/et/test_cases/heimdal3.c:44
	lib/et/test_cases/imap_err.c:72
	lib/et/test_cases/continuation.c:43
	lib/et/test_cases/simple.c:64
	lib/blkid/probe.c:60
	lib/blkid/devname.c:321
	lib/blkid/devname.c:338
	lib/blkid/tag.c:285
	lib/blkid/devno.c:46
	lib/blkid/devno.c:66
	lib/blkid/dev.c:117
	lib/blkid/dev.c:136
	lib/blkid/dev.c:137
	lib/blkid/save.c:94
	lib/blkid/save.c:142
	lib/ext2fs/tst_bitops.c:103
	lib/ext2fs/nt_io.c:1097
	lib/ext2fs/nt_io.c:1108
	lib/ext2fs/nt_io.c:1118
	lib/ext2fs/nt_io.c:1141
	lib/ext2fs/nt_io.c:1284
	lib/ext2fs/io_manager.c:35
	lib/ext2fs/inode.c:671
	lib/ext2fs/inode.c:770
	lib/ext2fs/dosio.c:152
	lib/ext2fs/dosio.c:158
	lib/ext2fs/dosio.c:213
	lib/ext2fs/tst_badblocks.c:224
	lib/ext2fs/tst_badblocks.c:227
	lib/ext2fs/extent.c:922
	lib/ext2fs/ext2fs.h:1201
	lib/ext2fs/mkjournal.c:165
	lib/ext2fs/tdb.c:85
	lib/ext2fs/tdb.c:1144
	lib/ext2fs/tdb.c:1482
	lib/ext2fs/tdb.c:1492
	lib/ext2fs/tdb.c:1892
	lib/ext2fs/tdb.c:2174
	lib/ext2fs/tdb.c:3504
	lib/ext2fs/tdb.c:3609
	lib/ext2fs/finddev.c:49
	lib/ext2fs/finddev.c:52
	lib/ext2fs/finddev.c:103
	lib/ext2fs/imager.c:69
	lib/ext2fs/imager.c:143
	lib/ext2fs/imager.c:192
	lib/ext2fs/imager.c:243
	lib/e2p/mntopts.c:108
	lib/e2p/feature.c:276
	lib/e2p/iod.c:50
	lib/e2p/ostype.c:37
	lib/ss/parse.c:54
	lib/ss/execute_cmd.c:180
	lib/ss/listen.c:178
	lib/ss/help.c:62
	lib/ss/help.c:84
	lib/ss/help.c:102
	lib/ss/help.c:162
	lib/ss/error.c:30
	lib/ss/error.c:41
	lib/ss/invocation.c:36
	lib/ss/invocation.c:39
	lib/ss/invocation.c:55
	lib/ss/invocation.c:58
	lib/ss/get_readline.c:59
	e2fsck/unix.c:900
	e2fsck/profile.c:264
	e2fsck/profile.c:307
	e2fsck/profile.c:464
	e2fsck/profile.c:495
	e2fsck/profile.c:1069
	e2fsck/profile.c:1084
	e2fsck/profile.c:1294
	e2fsck/profile.c:1508
	e2fsck/profile.c:1668
	e2fsck/profile.c:1677
	e2fsck/region.c:38
	e2fsck/region.c:106
	e2fsck/profile_helpers.c:55
	e2fsck/profile_helpers.c:277
	e2fsck/profile_helpers.c:284
	e2fsck/mtrace.c:89
	e2fsck/emptydir.c:46
	e2fsck/emptydir.c:184
	e2fsck/dict.c:257
	e2fsck/dict.c:974
	e2fsck/dict.c:984
	e2fsck/dict.c:1262
	e2fsck/rehash.c:239
	e2fsck/rehash.c:240
	e2fsck/rehash.c:718
	e2fsck/rehash.c:724
	e2fsck/jfs_user.h:95
	e2fsck/extend.c:47
	e2fsck/mtrace.h:61
	e2fsck/util.c:71
	e2fsck/util.c:89
	e2fsck/util.c:578
	e2fsck/argv_parse.c:52
	e2fsck/argv_parse.c:116
autoscan: warning: missing AC_FUNC_MKTIME wanted by: 
	misc/tune2fs.c:628
	debugfs/util.c:235
autoscan: warning: missing AC_FUNC_REALLOC wanted by: 
	misc/mke2fs.c:911
	misc/logsave.c:108
	misc/badblocks.c:1076
	intl/printf-parse.c:99
	intl/printf-parse.c:512
	intl/localealias.c:314
	intl/localealias.c:374
	intl/dcigettext.c:957
	intl/localcharset.c:181
	intl/vasnprintf.c:199
	intl/vasnprintf.c:857
	debugfs/lsdel.c:154
	lib/blkid/probe.c:75
	lib/ext2fs/dosio.c:338
	lib/ext2fs/ext2fs.h:1255
	lib/ext2fs/tdb.c:448
	lib/ext2fs/tdb.c:1087
	lib/ext2fs/tdb.c:1464
	lib/ext2fs/tdb.c:3611
	lib/ss/help.c:153
	lib/ss/invocation.c:46
	lib/ss/request_tbl.c:37
	e2fsck/profile.c:276
	e2fsck/profile.c:421
	e2fsck/profile.c:985
	e2fsck/profile.c:1014
	e2fsck/profile_helpers.c:95
	e2fsck/mtrace.c:115
	e2fsck/rehash.c:140
	e2fsck/rehash.c:229
	e2fsck/rehash.c:233
	e2fsck/mtrace.h:64
	e2fsck/argv_parse.c:66
autoscan: warning: missing AC_FUNC_STRNLEN wanted by: 
	e2fsck/pass2.c:666
	e2fsck/pass1.c:218
	e2fsck/pass1.c:225
autoscan: warning: missing AC_FUNC_STRTOD wanted by: 
	misc/mke2fs.c:1368
	misc/tune2fs.c:761
autoscan: warning: missing AC_HEADER_MAJOR wanted by: 
	lib/blkid/probe.c:27
	lib/blkid/devname.c:36
	lib/blkid/devno.c:31
	lib/blkid/save.c:22
	lib/ext2fs/finddev.c:31
	lib/blkid/devname.c:291
	lib/blkid/devname.c:383
	lib/blkid/devname.c:435
	lib/blkid/devno.c:221
	lib/ext2fs/finddev.c:194
autoscan: warning: missing AC_PROG_CXX wanted by: 
	config/parse-types.sh:11
	config/parse-types.sh:12
	config/parse-types.sh:16
	misc/Makefile.in:97
	misc/Makefile.in:122
	intl/Makefile.in:192
	debugfs/Makefile.in:33
	tests/progs/Makefile.in:28
	resize/Makefile.in:37
	util/Makefile.in:17
	lib/et/Makefile.in:44
	lib/blkid/Makefile.in:56
	lib/blkid/Makefile.in:123
	lib/ext2fs/Makefile.in:179
	lib/ext2fs/Makefile.in:270
	lib/ext2fs/Makefile.in:274
	lib/ext2fs/Makefile.in:278
	lib/ext2fs/Makefile.in:282
	lib/ext2fs/Makefile.in:286
	lib/ext2fs/Makefile.in:290
	lib/ext2fs/Makefile.in:294
	lib/ext2fs/Makefile.in:298
	lib/ext2fs/Makefile.in:302
	lib/ext2fs/Makefile.in:306
	lib/ext2fs/Makefile.in:310
	lib/e2p/Makefile.in:56
	lib/ss/Makefile.in:40
	e2fsck/Makefile.in:36
	e2fsck/Makefile.in:130
autoscan: warning: missing AC_PROG_YACC wanted by: 
	intl/Makefile.in:68
	intl/Makefile.in:69
autoscan: warning: missing AC_TYPE_INT32_T wanted by: 
	misc/uuidd.c:148
	misc/uuidd.c:234
autoscan: warning: missing AC_TYPE_MODE_T wanted by: 
	misc/uuidd.c:236
	debugfs/dump.c:41
	debugfs/dump.c:55
	debugfs/dump.c:57
	lib/ext2fs/tdb.h:146
	lib/ext2fs/tdb.h:148
	lib/ext2fs/tdb.c:3798
	lib/ext2fs/tdb.c:3811
autoscan: warning: missing AC_TYPE_PID_T wanted by: 
	misc/logsave.c:40
	misc/uuidd.c:63
	misc/fsck.c:440
	misc/fsck.c:556
	lib/fpopen.c:43
autoscan: warning: missing AC_TYPE_SSIZE_T wanted by: 
	misc/logsave.c:58
	misc/uuidd.c:88
	misc/uuidd.c:90
	misc/uuidd.c:91
	misc/uuidd.c:114
	misc/uuidd.c:147
	util/copy_sparse.c:94
	lib/blkid/probe.c:55
	lib/blkid/probe.c:84
	lib/ext2fs/unix_io.c:162
	lib/ext2fs/unix_io.c:221
	lib/ext2fs/unix_io.c:762
	lib/ext2fs/tdb.c:892
	lib/ext2fs/tdb.c:923
	lib/ext2fs/tdb.c:924
	lib/ext2fs/imager.c:37
	lib/ext2fs/imager.c:66
	lib/ext2fs/imager.c:113
	lib/ext2fs/imager.c:140
	lib/ext2fs/imager.c:163
	lib/ext2fs/imager.c:189
	lib/ext2fs/imager.c:206
	lib/ext2fs/imager.c:220
	lib/ext2fs/imager.c:239
	lib/ext2fs/imager.c:282
	lib/ext2fs/imager.c:362
	lib/ss/pager.c:111
	e2fsck/util.c:696
autoscan: warning: missing AC_TYPE_UID_T wanted by: 
	misc/uuidd.c:447
	misc/uuidd.c:64
	misc/uuidd.c:446
	e2fsck/profile.c:477
autoscan: warning: missing AC_TYPE_UINT32_T wanted by: 
	e2fsck/gen_crc32table.c:21
	e2fsck/gen_crc32table.c:22
	e2fsck/gen_crc32table.c:34
	e2fsck/gen_crc32table.c:51
	e2fsck/gen_crc32table.c:62
